\BOOKMARK [0][-]{chapter.1}{\376\377\000p\000y\000T\000O\000P\000S\000S\000c\000r\000a\000p\000e\000.\000a\000p\000i\000\040\000p\000a\000c\000k\000a\000g\000e}{}% 1
\BOOKMARK [1][-]{section.1.1}{\376\377\000S\000u\000b\000m\000o\000d\000u\000l\000e\000s}{chapter.1}% 2
\BOOKMARK [1][-]{section.1.2}{\376\377\000p\000y\000T\000O\000P\000S\000S\000c\000r\000a\000p\000e\000.\000a\000p\000i\000.\000a\000p\000i\000\040\000m\000o\000d\000u\000l\000e}{chapter.1}% 3
\BOOKMARK [1][-]{section.1.3}{\376\377\000p\000y\000T\000O\000P\000S\000S\000c\000r\000a\000p\000e\000.\000a\000p\000i\000.\000c\000o\000n\000v\000e\000r\000t\000\040\000m\000o\000d\000u\000l\000e}{chapter.1}% 4
\BOOKMARK [2][-]{subsection.1.3.1}{\376\377\000F\000u\000n\000c\000t\000i\000o\000n\000s}{section.1.3}% 5
\BOOKMARK [1][-]{section.1.4}{\376\377\000p\000y\000T\000O\000P\000S\000S\000c\000r\000a\000p\000e\000.\000a\000p\000i\000.\000u\000t\000i\000l\000s\000\040\000m\000o\000d\000u\000l\000e}{chapter.1}% 6
\BOOKMARK [1][-]{section.1.5}{\376\377\000M\000o\000d\000u\000l\000e\000\040\000c\000o\000n\000t\000e\000n\000t\000s}{chapter.1}% 7
\BOOKMARK [0][-]{chapter.2}{\376\377\000p\000y\000T\000O\000P\000S\000S\000c\000r\000a\000p\000e\000.\000e\000r\000r\000\040\000p\000a\000c\000k\000a\000g\000e}{}% 8
\BOOKMARK [1][-]{section.2.1}{\376\377\000S\000u\000b\000m\000o\000d\000u\000l\000e\000s}{chapter.2}% 9
\BOOKMARK [1][-]{section.2.2}{\376\377\000p\000y\000T\000O\000P\000S\000S\000c\000r\000a\000p\000e\000.\000e\000r\000r\000.\000e\000r\000r\000\040\000m\000o\000d\000u\000l\000e}{chapter.2}% 10
\BOOKMARK [1][-]{section.2.3}{\376\377\000M\000o\000d\000u\000l\000e\000\040\000c\000o\000n\000t\000e\000n\000t\000s}{chapter.2}% 11
\BOOKMARK [0][-]{chapter.3}{\376\377\000p\000y\000T\000O\000P\000S\000S\000c\000r\000a\000p\000e\000.\000e\000x\000t\000\040\000p\000a\000c\000k\000a\000g\000e}{}% 12
\BOOKMARK [1][-]{section.3.1}{\376\377\000S\000u\000b\000m\000o\000d\000u\000l\000e\000s}{chapter.3}% 13
\BOOKMARK [1][-]{section.3.2}{\376\377\000p\000y\000T\000O\000P\000S\000S\000c\000r\000a\000p\000e\000.\000e\000x\000t\000.\000u\000t\000i\000l\000s\000\040\000m\000o\000d\000u\000l\000e}{chapter.3}% 14
\BOOKMARK [1][-]{section.3.3}{\376\377\000M\000o\000d\000u\000l\000e\000\040\000c\000o\000n\000t\000e\000n\000t\000s}{chapter.3}% 15
\BOOKMARK [0][-]{chapter.4}{\376\377\000p\000y\000T\000O\000P\000S\000S\000c\000r\000a\000p\000e\000.\000p\000a\000r\000s\000e\000\040\000p\000a\000c\000k\000a\000g\000e}{}% 16
\BOOKMARK [1][-]{section.4.1}{\376\377\000S\000u\000b\000m\000o\000d\000u\000l\000e\000s}{chapter.4}% 17
\BOOKMARK [1][-]{section.4.2}{\376\377\000p\000y\000T\000O\000P\000S\000S\000c\000r\000a\000p\000e\000.\000p\000a\000r\000s\000e\000.\000a\000b\000u\000n\000d\000a\000n\000c\000e\000\040\000m\000o\000d\000u\000l\000e}{chapter.4}% 18
\BOOKMARK [1][-]{section.4.3}{\376\377\000M\000o\000d\000u\000l\000e\000\040\000c\000o\000n\000t\000e\000n\000t\000s}{chapter.4}% 19
\BOOKMARK [0][-]{chapter.5}{\376\377\000p\000y\000T\000O\000P\000S\000S\000c\000r\000a\000p\000e\000.\000s\000c\000r\000i\000p\000t\000s\000\040\000p\000a\000c\000k\000a\000g\000e}{}% 20
\BOOKMARK [1][-]{section.5.1}{\376\377\000M\000o\000d\000u\000l\000e\000\040\000c\000o\000n\000t\000e\000n\000t\000s}{chapter.5}% 21
\BOOKMARK [0][-]{chapter.6}{\376\377\000p\000y\000T\000O\000P\000S\000S\000c\000r\000a\000p\000e\000.\000m\000i\000s\000c\000\040\000p\000a\000c\000k\000a\000g\000e}{}% 22
\BOOKMARK [1][-]{section.6.1}{\376\377\000S\000u\000b\000p\000a\000c\000k\000a\000g\000e\000s}{chapter.6}% 23
\BOOKMARK [2][-]{subsection.6.1.1}{\376\377\000p\000y\000T\000O\000P\000S\000S\000c\000r\000a\000p\000e\000.\000m\000i\000s\000c\000.\000d\000a\000t\000a\000F\000i\000l\000e\000s\000\040\000p\000a\000c\000k\000a\000g\000e}{section.6.1}% 24
\BOOKMARK [3][-]{subsubsection.6.1.1.1}{\376\377\000M\000o\000d\000u\000l\000e\000\040\000c\000o\000n\000t\000e\000n\000t\000s}{subsection.6.1.1}% 25
\BOOKMARK [1][-]{section.6.2}{\376\377\000S\000u\000b\000m\000o\000d\000u\000l\000e\000s}{chapter.6}% 26
\BOOKMARK [1][-]{section.6.3}{\376\377\000p\000y\000T\000O\000P\000S\000S\000c\000r\000a\000p\000e\000.\000m\000i\000s\000c\000.\000u\000t\000i\000l\000s\000\040\000m\000o\000d\000u\000l\000e}{chapter.6}% 27
\BOOKMARK [2][-]{subsection.6.3.1}{\376\377\000F\000u\000n\000c\000t\000i\000o\000n\000s}{section.6.3}% 28
\BOOKMARK [1][-]{section.6.4}{\376\377\000M\000o\000d\000u\000l\000e\000\040\000c\000o\000n\000t\000e\000n\000t\000s}{chapter.6}% 29
\BOOKMARK [0][-]{section*.36}{\376\377\000P\000y\000t\000h\000o\000n\000\040\000M\000o\000d\000u\000l\000e\000\040\000I\000n\000d\000e\000x}{}% 30
\BOOKMARK [0][-]{section*.37}{\376\377\000I\000n\000d\000e\000x}{}% 31
